library/build/outputs/logs/manifest-merger-debug-report.txt
-- Merging decision tree log ---
manifest
ADDED from ICourse_New\library\AndroidManifest.xml:2:1-6:12
INJECTED from ICourse_New\library\AndroidManifest.xml:2:1-6:12
INJECTED from ICourse_New\library\AndroidManifest.xml:2:1-6:12
INJECTED from ICourse_New\library\AndroidManifest.xml:2:1-6:12
INJECTED from ICourse_New\library\AndroidManifest.xml:2:1-6:12
INJECTED from ICourse_New\library\AndroidManifest.xml:2:1-6:12
INJECTED from ICourse_New\library\AndroidManifest.xml:2:1-6:12
	package
		ADDED from ICourse_New\library\AndroidManifest.xml:3:11-68
		INJECTED from ICourse_New\library\AndroidManifest.xml
		INJECTED from ICourse_New\library\AndroidManifest.xml
	android:versionName
		ADDED from ICourse_New\library\AndroidManifest.xml:5:11-38
		INJECTED from ICourse_New\library\AndroidManifest.xml
		INJECTED from ICourse_New\library\AndroidManifest.xml
	xmlns:android
		ADDED from ICourse_New\library\AndroidManifest.xml:2:11-69
	android:versionCode
		ADDED from ICourse_New\library\AndroidManifest.xml:4:11-38
		INJECTED from ICourse_New\library\AndroidManifest.xml
		INJECTED from ICourse_New\library\AndroidManifest.xml
uses-sdk
INJECTED from ICourse_New\library\AndroidManifest.xml reason: use-sdk injection requested
INJECTED from ICourse_New\library\AndroidManifest.xml
INJECTED from ICourse_New\library\AndroidManifest.xml
INJECTED from ICourse_New\library\AndroidManifest.xml
INJECTED from ICourse_New\library\AndroidManifest.xml
	android:targetSdkVersion
		INJECTED from ICourse_New\library\AndroidManifest.xml
		ADDED from ICourse_New\library\AndroidManifest.xml
		INJECTED from ICourse_New\library\AndroidManifest.xml
	android:minSdkVersion
		INJECTED from ICourse_New\library\AndroidManifest.xml
		ADDED from ICourse_New\library\AndroidManifest.xml
		INJECTED from ICourse_New\library\AndroidManifest.xml